ausearch -c 'fprintd' --raw
type=AVC msg=audit(1738780845.004:411): avc:  denied  { create } for  pid=25854 comm="fprintd" name="sem.qFnidf" scontext=system_u:system_r:fprintd_t:s0 tcontext=system_u:object_r:tmpfs_t:s0 tclass=file permissive=0
type=AVC msg=audit(1738780888.525:420): avc:  denied  { create } for  pid=26039 comm="fprintd" name="sem.Ty7xnw" scontext=system_u:system_r:fprintd_t:s0 tcontext=system_u:object_r:tmpfs_t:s0 tclass=file permissive=0
type=AVC msg=audit(1738780998.833:429): avc:  denied  { create } for  pid=26498 comm="fprintd" name="sem.5e2blq" scontext=system_u:system_r:fprintd_t:s0 tcontext=system_u:object_r:tmpfs_t:s0 tclass=file permissive=0
type=AVC msg=audit(1738781039.653:440): avc:  denied  { create } for  pid=26637 comm="fprintd" name="sem.RHJx6J" scontext=system_u:system_r:fprintd_t:s0 tcontext=system_u:object_r:tmpfs_t:s0 tclass=file permissive=1
type=AVC msg=audit(1738781039.653:441): avc:  denied  { read write open } for  pid=26637 comm="fprintd" path="/dev/shm/sem.RHJx6J" dev="tmpfs" ino=5 scontext=system_u:system_r:fprintd_t:s0 tcontext=system_u:object_r:tmpfs_t:s0 tclass=file permissive=1
type=AVC msg=audit(1738781039.653:442): avc:  denied  { map } for  pid=26637 comm="fprintd" path="/dev/shm/sem.RHJx6J" dev="tmpfs" ino=5 scontext=system_u:system_r:fprintd_t:s0 tcontext=system_u:object_r:tmpfs_t:s0 tclass=file permissive=1
type=AVC msg=audit(1738781039.653:443): avc:  denied  { link } for  pid=26637 comm="fprintd" name="sem.RHJx6J" dev="tmpfs" ino=5 scontext=system_u:system_r:fprintd_t:s0 tcontext=system_u:object_r:tmpfs_t:s0 tclass=file permissive=1
type=AVC msg=audit(1738781039.653:444): avc:  denied  { getattr } for  pid=26637 comm="fprintd" path="/dev/shm/sem.RHJx6J" dev="tmpfs" ino=5 scontext=system_u:system_r:fprintd_t:s0 tcontext=system_u:object_r:tmpfs_t:s0 tclass=file permissive=1
type=AVC msg=audit(1738781039.653:445): avc:  denied  { unlink } for  pid=26637 comm="fprintd" name="sem.RHJx6J" dev="tmpfs" ino=5 scontext=system_u:system_r:fprintd_t:s0 tcontext=system_u:object_r:tmpfs_t:s0 tclass=file permissive=1
type=AVC msg=audit(1738781104.074:457): avc:  denied  { unlink } for  pid=26637 comm="fprintd" name="sem.cvUshSem" dev="tmpfs" ino=5 scontext=system_u:system_r:fprintd_t:s0 tcontext=system_u:object_r:tmpfs_t:s0 tclass=file permissive=1
type=ANOM_ABEND msg=audit(1738781129.957:468): auid=4294967295 uid=0 gid=0 ses=4294967295 subj=system_u:system_r:fprintd_t:s0 pid=26637 comm="fprintd" exe="/usr/libexec/fprintd" sig=6 res=1AUID="unset" UID="root" GID="root"
type=AVC msg=audit(1738781141.800:491): avc:  denied  { create } for  pid=27117 comm="fprintd" name="sem.y6YAy3" scontext=system_u:system_r:fprintd_t:s0 tcontext=system_u:object_r:tmpfs_t:s0 tclass=file permissive=1
type=AVC msg=audit(1738781141.800:492): avc:  denied  { read write open } for  pid=27117 comm="fprintd" path="/dev/shm/sem.y6YAy3" dev="tmpfs" ino=6 scontext=system_u:system_r:fprintd_t:s0 tcontext=system_u:object_r:tmpfs_t:s0 tclass=file permissive=1
type=AVC msg=audit(1738781141.800:493): avc:  denied  { map } for  pid=27117 comm="fprintd" path="/dev/shm/sem.y6YAy3" dev="tmpfs" ino=6 scontext=system_u:system_r:fprintd_t:s0 tcontext=system_u:object_r:tmpfs_t:s0 tclass=file permissive=1
type=AVC msg=audit(1738781141.800:494): avc:  denied  { link } for  pid=27117 comm="fprintd" name="sem.y6YAy3" dev="tmpfs" ino=6 scontext=system_u:system_r:fprintd_t:s0 tcontext=system_u:object_r:tmpfs_t:s0 tclass=file permissive=1
type=AVC msg=audit(1738781141.800:495): avc:  denied  { getattr } for  pid=27117 comm="fprintd" path="/dev/shm/sem.y6YAy3" dev="tmpfs" ino=6 scontext=system_u:system_r:fprintd_t:s0 tcontext=system_u:object_r:tmpfs_t:s0 tclass=file permissive=1
type=AVC msg=audit(1738781141.800:496): avc:  denied  { unlink } for  pid=27117 comm="fprintd" name="sem.y6YAy3" dev="tmpfs" ino=6 scontext=system_u:system_r:fprintd_t:s0 tcontext=system_u:object_r:tmpfs_t:s0 tclass=file permissive=1
type=AVC msg=audit(1738781921.088:529): avc:  denied  { create } for  pid=31173 comm="fprintd" name="sem.xm1r5r" scontext=system_u:system_r:fprintd_t:s0 tcontext=system_u:object_r:tmpfs_t:s0 tclass=file permissive=0
type=AVC msg=audit(1738782250.168:199): avc:  denied  { create } for  pid=3080 comm="fprintd" name="sem.pI66vr" scontext=system_u:system_r:fprintd_t:s0 tcontext=system_u:object_r:tmpfs_t:s0 tclass=file permissive=0
type=AVC msg=audit(1738782878.557:276): avc:  denied  { create } for  pid=5603 comm="fprintd" name="sem.D3GIP1" scontext=system_u:system_r:fprintd_t:s0 tcontext=system_u:object_r:tmpfs_t:s0 tclass=file permissive=0
type=AVC msg=audit(1738784910.379:357): avc:  denied  { create } for  pid=9453 comm="fprintd" name="sem.xQQb3r" scontext=system_u:system_r:fprintd_t:s0 tcontext=system_u:object_r:tmpfs_t:s0 tclass=file permissive=0
type=AVC msg=audit(1738786922.164:384): avc:  denied  { create } for  pid=13889 comm="fprintd" name="sem.ezDstM" scontext=system_u:system_r:fprintd_t:s0 tcontext=system_u:object_r:tmpfs_t:s0 tclass=file permissive=0
type=AVC msg=audit(1738787312.846:451): avc:  denied  { execute } for  pid=14716 comm="(fprintd)" name="fprintd" dev="dm-0" ino=68471 scontext=system_u:system_r:init_t:s0 tcontext=system_u:object_r:unlabeled_t:s0 tclass=file permissive=0 trawcon="system_u:object_r:fprintd_exec_t:s0"
type=AVC msg=audit(1738787328.311:472): avc:  denied  { execute } for  pid=14857 comm="(fprintd)" name="fprintd" dev="dm-0" ino=68471 scontext=system_u:system_r:init_t:s0 tcontext=system_u:object_r:unlabeled_t:s0 tclass=file permissive=0 trawcon="system_u:object_r:fprintd_exec_t:s0"
type=AVC msg=audit(1738787336.014:480): avc:  denied  { execute } for  pid=14898 comm="(fprintd)" name="fprintd" dev="dm-0" ino=68471 scontext=system_u:system_r:init_t:s0 tcontext=system_u:object_r:unlabeled_t:s0 tclass=file permissive=0 trawcon="system_u:object_r:fprintd_exec_t:s0"
type=AVC msg=audit(1738787434.403:489): avc:  denied  { create } for  pid=15185 comm="fprintd" name="sem.BskZO7" scontext=system_u:system_r:fprintd_t:s0 tcontext=system_u:object_r:tmpfs_t:s0 tclass=file permissive=0
type=AVC msg=audit(1738787479.629:502): avc:  denied  { create } for  pid=15374 comm="fprintd" name="sem.GXkiwW" scontext=system_u:system_r:fprintd_t:s0 tcontext=system_u:object_r:tmpfs_t:s0 tclass=file permissive=0
